Версии ядра и интерфейса Infinity

Version 1.3.10 27.10.2006
	- (по просьбе Хаймина А.Ю.) устанавливая значения переменных LineWidth, FontSize, Bold можно регулировать соответственно ширину линий, размер шрифта, жирность шрифта. Значения по умолчанию: 1, 16, 0. Если Bold = 0, то шрифт обычный, если > 0 то шрифт жирный

Version 1.3.00 17.10.2006
	- на этот раз попытка реализовать построение графиков с использованием OpenGL удалась :) Теперь в режиме "рука" графики отображаются в 3х мерном пространстве. В этом режиме при движении мыши с нажатой правой клавишей изменяется удаленность точки просмотра

Version 1.2.07 11.10.2006
	- была попытка использовать OpenGL для отрисовки графиков... неудачная...
	- при построении фазовых траекторий учитывается диапазон по времени. То есть, если при построении по переменной t выбрать диапазон от 10 до 20, то фазовые траектории будут строится только для этого диапазона по времени.

Version 1.2.06 06.08.2006
    - изменился способ довыделения с использованием собственных чисел матрицы Якоби для случая когда среди нелинейностей есть выражения от t.
    - введена новая функция root_k - позволяющая на каждом шаге расчета определять какой из корней каким по счету является.

Version 1.2.05 23.05.2006
	- конструкции вида sin(t)*x(t) распознаются как нелинейности. Для задачи diff(x(t),t,2) + sin(t)*x(t)=diff(x(t),t)^2/x(t) с точным решением x(t)=exp(sin(t)) это так. 

Version 1.2.04 12.05.2006
	- добавлена возможность расчета максимальной и минимальной площадей области, содержащей точное решение.
	- функция довыделения невыделенной линейной части. Проверялась на примере "Задача с полухаосом"

Version 1.2.03 05.05.2006
	- добавлена возможность расчета площади под (приближенным решением)^2 по просьбе А.Ю.

Version 1.2.02 09.02.2006
	- изменено имя переменной MaxRInd на m в интерфейсе. Теперь чтобы выводить m нужно вводить x(t).m или x(t).MaxRInd.

Version 1.2.01 05.01.2006
	- при загрузке ядра в main.log пишется номер версии и сообщение о том, что оно загружено.
